
--------------------------------------------------
TXLib предупреждает:

Программа: C:\Users\Максим\Documents\GitHub\onegin\run.exe,

ВНЕЗАПНО: Нарушение доступа к памяти.

#1: Исключение EXCEPTION_ACCESS_VIOLATION (0xC0000005) при выполнении кода по адресу 0x7606E5C2 в функции strcmp(). Попытка прочесть данные по адресу NULL в модуле C:\WINDOWS\System32\msvcrt.dll. Спасибо _txVectoredExceptionHandler(), что сообщил. Люблю его <3

#1: TXLib [Ver: 00173a, Rev: 174, Date: 2025-08-17 06:00:49 +0400], Instance: 0x006D63DC (32-bit), Flags: Cmdre0, Thread: 0x48E0 (Main). 

--------------------------------------------------
Стек вызовов:

# 0 0x7606E5C2 in C:\WINDOWS\System32\msvcrt.dll: strcmp()

# 1 0x0042D994 in C:\Users\Максим\Documents\GitHub\onegin\run.exe: main() at C:/Users/Максим/Documents/GitHub/onegin/main.cpp:17:

     15:     createstrptr(onegin, strptr);
     16: 
=>   17:     bubblesort(strptr, strcounter);
     18: 
     19:     //qsort(text, 5, sizeof(char*), comparestr(par1, par2, strptr, strcounter));

--------------------------------------------------
Developed with:

The Dumb Artist Library (TX Library)
TXLib [Ver: 00173a, Rev: 174, Date: 2025-08-17 06:00:49 +0400]
Copyright (C) Ded (Ilya Dedinsky, http://txlib.ru) <mail@txlib.ru>
See license on: http://txlib.ru

TXLib file:	C:\Users\Максим\Downloads\TX\TXLib.h
Compiled:	Sep 19 2025 12:53:26, GNU g++ 4.8.1, std=201103L, MinGW Runtime 3.20, 32-bit, DEBUG
Started:	Sep 19 2025 12:53:36

Run file:	C:\Users\Максим\Documents\GitHub\onegin\run.exe
Directory:	C:\Users\Максим\Documents\GitHub\onegin

--------------------------------------------------

--------------------------------------------------
TXLib соболезнует...

Программа: C:\Users\Максим\Documents\GitHub\onegin\run.exe,

ВНЕЗАПНО: signal (11, 0x00): SIGSEGV: Доступ по неверному указателю. Ставьте ассерты! 

Нарушение доступа к памяти.

#1: Исключение EXCEPTION_ACCESS_VIOLATION (0xC0000005) при выполнении кода по адресу 0x7606E5C2 в функции strcmp(). Попытка прочесть данные по адресу NULL в модуле C:\WINDOWS\System32\msvcrt.dll. Спасибо _txVectoredExceptionHandler(), что сообщил. Люблю его <3

С помощью функции signal() вы можете сами обработать эту ошибку.

#2: TXLib [Ver: 00173a, Rev: 174, Date: 2025-08-17 06:00:49 +0400], Instance: 0x006D63DC (32-bit), Flags: Cmdre0, Thread: 0x48E0 (Main). 

--------------------------------------------------
Стек вызовов:

# 0 0x7606E5C2 in C:\WINDOWS\System32\msvcrt.dll: strcmp()

# 1 0x0042D994 in C:\Users\Максим\Documents\GitHub\onegin\run.exe: main() at C:/Users/Максим/Documents/GitHub/onegin/main.cpp:17:

     15:     createstrptr(onegin, strptr);
     16: 
=>   17:     bubblesort(strptr, strcounter);
     18: 
     19:     //qsort(text, 5, sizeof(char*), comparestr(par1, par2, strptr, strcounter));

--------------------------------------------------
Developed with:

The Dumb Artist Library (TX Library)
TXLib [Ver: 00173a, Rev: 174, Date: 2025-08-17 06:00:49 +0400]
Copyright (C) Ded (Ilya Dedinsky, http://txlib.ru) <mail@txlib.ru>
See license on: http://txlib.ru

TXLib file:	C:\Users\Максим\Downloads\TX\TXLib.h
Compiled:	Sep 19 2025 12:53:26, GNU g++ 4.8.1, std=201103L, MinGW Runtime 3.20, 32-bit, DEBUG
Started:	Sep 19 2025 12:53:36

Run file:	C:\Users\Максим\Documents\GitHub\onegin\run.exe
Directory:	C:\Users\Максим\Documents\GitHub\onegin

--------------------------------------------------

--------------------------------------------------
TXLib предупреждает:

Программа: C:\Users\Максим\Documents\GitHub\onegin\run.exe,

ВНЕЗАПНО: Нарушение доступа к памяти.

#1: Исключение EXCEPTION_ACCESS_VIOLATION (0xC0000005) при выполнении кода по адресу 0x7606E5C2 в функции strcmp(). Попытка прочесть данные по адресу NULL в модуле C:\WINDOWS\System32\msvcrt.dll. Спасибо _txVectoredExceptionHandler(), что сообщил. Люблю его <3

#1: TXLib [Ver: 00173a, Rev: 174, Date: 2025-08-17 06:00:49 +0400], Instance: 0x006D63DC (32-bit), Flags: Cmdre0, Thread: 0x31FC (Main). 

--------------------------------------------------
Стек вызовов:

# 0 0x7606E5C2 in C:\WINDOWS\System32\msvcrt.dll: strcmp()

# 1 0x0042D994 in C:\Users\Максим\Documents\GitHub\onegin\run.exe: main() at C:/Users/Максим/Documents/GitHub/onegin/main.cpp:17:

     15:     createstrptr(onegin, strptr);
     16: 
=>   17:     bubblesort(strptr, strcounter);
     18: 
     19:     //qsort(text, 5, sizeof(char*), comparestr(par1, par2, strptr, strcounter));

--------------------------------------------------
Developed with:

The Dumb Artist Library (TX Library)
TXLib [Ver: 00173a, Rev: 174, Date: 2025-08-17 06:00:49 +0400]
Copyright (C) Ded (Ilya Dedinsky, http://txlib.ru) <mail@txlib.ru>
See license on: http://txlib.ru

TXLib file:	C:\Users\Максим\Downloads\TX\TXLib.h
Compiled:	Sep 19 2025 12:59:56, GNU g++ 4.8.1, std=201103L, MinGW Runtime 3.20, 32-bit, DEBUG
Started:	Sep 19 2025 13:00:05

Run file:	C:\Users\Максим\Documents\GitHub\onegin\run.exe
Directory:	C:\Users\Максим\Documents\GitHub\onegin

--------------------------------------------------

--------------------------------------------------
TXLib соболезнует...

Программа: C:\Users\Максим\Documents\GitHub\onegin\run.exe,

ВНЕЗАПНО: signal (11, 0x00): SIGSEGV: Доступ по неверному указателю. Ставьте ассерты! 

Нарушение доступа к памяти.

#1: Исключение EXCEPTION_ACCESS_VIOLATION (0xC0000005) при выполнении кода по адресу 0x7606E5C2 в функции strcmp(). Попытка прочесть данные по адресу NULL в модуле C:\WINDOWS\System32\msvcrt.dll. Спасибо _txVectoredExceptionHandler(), что сообщил. Люблю его <3

С помощью функции signal() вы можете сами обработать эту ошибку.

#2: TXLib [Ver: 00173a, Rev: 174, Date: 2025-08-17 06:00:49 +0400], Instance: 0x006D63DC (32-bit), Flags: Cmdre0, Thread: 0x31FC (Main). 

--------------------------------------------------
Стек вызовов:

# 0 0x7606E5C2 in C:\WINDOWS\System32\msvcrt.dll: strcmp()

# 1 0x0042D994 in C:\Users\Максим\Documents\GitHub\onegin\run.exe: main() at C:/Users/Максим/Documents/GitHub/onegin/main.cpp:17:

     15:     createstrptr(onegin, strptr);
     16: 
=>   17:     bubblesort(strptr, strcounter);
     18: 
     19:     //qsort(text, 5, sizeof(char*), comparestr(par1, par2, strptr, strcounter));

--------------------------------------------------
Developed with:

The Dumb Artist Library (TX Library)
TXLib [Ver: 00173a, Rev: 174, Date: 2025-08-17 06:00:49 +0400]
Copyright (C) Ded (Ilya Dedinsky, http://txlib.ru) <mail@txlib.ru>
See license on: http://txlib.ru

TXLib file:	C:\Users\Максим\Downloads\TX\TXLib.h
Compiled:	Sep 19 2025 12:59:56, GNU g++ 4.8.1, std=201103L, MinGW Runtime 3.20, 32-bit, DEBUG
Started:	Sep 19 2025 13:00:05

Run file:	C:\Users\Максим\Documents\GitHub\onegin\run.exe
Directory:	C:\Users\Максим\Documents\GitHub\onegin

--------------------------------------------------

--------------------------------------------------
TXLib предупреждает:

Программа: C:\Users\Максим\Documents\GitHub\onegin\run.exe,

ВНЕЗАПНО: Нарушение доступа к памяти.

#1: Исключение EXCEPTION_ACCESS_VIOLATION (0xC0000005) при выполнении кода по адресу 0x7606E5C2 в функции strcmp(). Попытка прочесть данные по адресу NULL в модуле C:\WINDOWS\System32\msvcrt.dll. Спасибо _txVectoredExceptionHandler(), что сообщил. Люблю его <3

#1: TXLib [Ver: 00173a, Rev: 174, Date: 2025-08-17 06:00:49 +0400], Instance: 0x00662F5C (32-bit), Flags: Cmdre0, Thread: 0x3DFC (Main). 

--------------------------------------------------
Стек вызовов:

# 0 0x7606E5C2 in C:\WINDOWS\System32\msvcrt.dll: strcmp()

# 1 0x0042D994 in C:\Users\Максим\Documents\GitHub\onegin\run.exe: main() at C:/Users/Максим/Documents/GitHub/onegin/main.cpp:17:

     15:     createstrptr(onegin, strptr);
     16: 
=>   17:     bubblesort(strptr, strcounter);
     18: 
     19:     //qsort(text, 5, sizeof(char*), comparestr(par1, par2, strptr, strcounter));

--------------------------------------------------
Developed with:

The Dumb Artist Library (TX Library)
TXLib [Ver: 00173a, Rev: 174, Date: 2025-08-17 06:00:49 +0400]
Copyright (C) Ded (Ilya Dedinsky, http://txlib.ru) <mail@txlib.ru>
See license on: http://txlib.ru

TXLib file:	C:\Users\Максим\Downloads\TX\TXLib.h
Compiled:	Sep 19 2025 13:02:30, GNU g++ 4.8.1, std=201103L, MinGW Runtime 3.20, 32-bit, DEBUG
Started:	Sep 19 2025 13:02:37

Run file:	C:\Users\Максим\Documents\GitHub\onegin\run.exe
Directory:	C:\Users\Максим\Documents\GitHub\onegin

--------------------------------------------------

--------------------------------------------------
TXLib соболезнует...

Программа: C:\Users\Максим\Documents\GitHub\onegin\run.exe,

ВНЕЗАПНО: signal (11, 0x00): SIGSEGV: Доступ по неверному указателю. Ставьте ассерты! 

Нарушение доступа к памяти.

#1: Исключение EXCEPTION_ACCESS_VIOLATION (0xC0000005) при выполнении кода по адресу 0x7606E5C2 в функции strcmp(). Попытка прочесть данные по адресу NULL в модуле C:\WINDOWS\System32\msvcrt.dll. Спасибо _txVectoredExceptionHandler(), что сообщил. Люблю его <3

С помощью функции signal() вы можете сами обработать эту ошибку.

#2: TXLib [Ver: 00173a, Rev: 174, Date: 2025-08-17 06:00:49 +0400], Instance: 0x00662F5C (32-bit), Flags: Cmdre0, Thread: 0x3DFC (Main). 

--------------------------------------------------
Стек вызовов:

# 0 0x7606E5C2 in C:\WINDOWS\System32\msvcrt.dll: strcmp()

# 1 0x0042D994 in C:\Users\Максим\Documents\GitHub\onegin\run.exe: main() at C:/Users/Максим/Documents/GitHub/onegin/main.cpp:17:

     15:     createstrptr(onegin, strptr);
     16: 
=>   17:     bubblesort(strptr, strcounter);
     18: 
     19:     //qsort(text, 5, sizeof(char*), comparestr(par1, par2, strptr, strcounter));

--------------------------------------------------
Developed with:

The Dumb Artist Library (TX Library)
TXLib [Ver: 00173a, Rev: 174, Date: 2025-08-17 06:00:49 +0400]
Copyright (C) Ded (Ilya Dedinsky, http://txlib.ru) <mail@txlib.ru>
See license on: http://txlib.ru

TXLib file:	C:\Users\Максим\Downloads\TX\TXLib.h
Compiled:	Sep 19 2025 13:02:30, GNU g++ 4.8.1, std=201103L, MinGW Runtime 3.20, 32-bit, DEBUG
Started:	Sep 19 2025 13:02:37

Run file:	C:\Users\Максим\Documents\GitHub\onegin\run.exe
Directory:	C:\Users\Максим\Documents\GitHub\onegin

--------------------------------------------------

--------------------------------------------------
TXLib предупреждает:

Программа: C:\Users\Максим\Documents\GitHub\onegin\run.exe,

ВНЕЗАПНО: Нарушение доступа к памяти.

#1: Исключение EXCEPTION_ACCESS_VIOLATION (0xC0000005) при выполнении кода по адресу 0x7606E5C2 в функции strcmp(). Попытка прочесть данные по адресу NULL в модуле C:\WINDOWS\System32\msvcrt.dll. Спасибо _txVectoredExceptionHandler(), что сообщил. Люблю его <3

#1: TXLib [Ver: 00173a, Rev: 174, Date: 2025-08-17 06:00:49 +0400], Instance: 0x00662F5C (32-bit), Flags: Cmdre0, Thread: 0x218C (Main). 

--------------------------------------------------
Стек вызовов:

# 0 0x7606E5C2 in C:\WINDOWS\System32\msvcrt.dll: strcmp()

# 1 0x0042D994 in C:\Users\Максим\Documents\GitHub\onegin\run.exe: main() at C:/Users/Максим/Documents/GitHub/onegin/main.cpp:17:

     15:     createstrptr(onegin, strptr);
     16: 
=>   17:     bubblesort(strptr, strcounter);
     18: 
     19:     //qsort(text, 5, sizeof(char*), comparestr(par1, par2, strptr, strcounter));

--------------------------------------------------
Developed with:

The Dumb Artist Library (TX Library)
TXLib [Ver: 00173a, Rev: 174, Date: 2025-08-17 06:00:49 +0400]
Copyright (C) Ded (Ilya Dedinsky, http://txlib.ru) <mail@txlib.ru>
See license on: http://txlib.ru

TXLib file:	C:\Users\Максим\Downloads\TX\TXLib.h
Compiled:	Sep 19 2025 13:05:31, GNU g++ 4.8.1, std=201103L, MinGW Runtime 3.20, 32-bit, DEBUG
Started:	Sep 19 2025 13:05:40

Run file:	C:\Users\Максим\Documents\GitHub\onegin\run.exe
Directory:	C:\Users\Максим\Documents\GitHub\onegin

--------------------------------------------------

--------------------------------------------------
TXLib соболезнует...

Программа: C:\Users\Максим\Documents\GitHub\onegin\run.exe,

ВНЕЗАПНО: signal (11, 0x00): SIGSEGV: Доступ по неверному указателю. Ставьте ассерты! 

Нарушение доступа к памяти.

#1: Исключение EXCEPTION_ACCESS_VIOLATION (0xC0000005) при выполнении кода по адресу 0x7606E5C2 в функции strcmp(). Попытка прочесть данные по адресу NULL в модуле C:\WINDOWS\System32\msvcrt.dll. Спасибо _txVectoredExceptionHandler(), что сообщил. Люблю его <3

С помощью функции signal() вы можете сами обработать эту ошибку.

#2: TXLib [Ver: 00173a, Rev: 174, Date: 2025-08-17 06:00:49 +0400], Instance: 0x00662F5C (32-bit), Flags: Cmdre0, Thread: 0x218C (Main). 

--------------------------------------------------
Стек вызовов:

# 0 0x7606E5C2 in C:\WINDOWS\System32\msvcrt.dll: strcmp()

# 1 0x0042D994 in C:\Users\Максим\Documents\GitHub\onegin\run.exe: main() at C:/Users/Максим/Documents/GitHub/onegin/main.cpp:17:

     15:     createstrptr(onegin, strptr);
     16: 
=>   17:     bubblesort(strptr, strcounter);
     18: 
     19:     //qsort(text, 5, sizeof(char*), comparestr(par1, par2, strptr, strcounter));

--------------------------------------------------
Developed with:

The Dumb Artist Library (TX Library)
TXLib [Ver: 00173a, Rev: 174, Date: 2025-08-17 06:00:49 +0400]
Copyright (C) Ded (Ilya Dedinsky, http://txlib.ru) <mail@txlib.ru>
See license on: http://txlib.ru

TXLib file:	C:\Users\Максим\Downloads\TX\TXLib.h
Compiled:	Sep 19 2025 13:05:31, GNU g++ 4.8.1, std=201103L, MinGW Runtime 3.20, 32-bit, DEBUG
Started:	Sep 19 2025 13:05:40

Run file:	C:\Users\Максим\Documents\GitHub\onegin\run.exe
Directory:	C:\Users\Максим\Documents\GitHub\onegin

--------------------------------------------------

--------------------------------------------------
TXLib предупреждает:

Программа: C:\Users\Максим\Documents\GitHub\onegin\run.exe,

ВНЕЗАПНО: Нарушение доступа к памяти.

#1: Исключение EXCEPTION_ACCESS_VIOLATION (0xC0000005) при выполнении кода по адресу 0x00488A94 в функции output() в файле C:/Users/Максим/Documents/GitHub/onegin/output.cpp на строке 8. Попытка прочесть данные по адресу 0x030FF000 в модуле C:\Users\Максим\Documents\GitHub\onegin\run.exe. Спасибо _txVectoredExceptionHandler(), что сообщил. Люблю его <3

#1: TXLib [Ver: 00173a, Rev: 174, Date: 2025-08-17 06:00:49 +0400], Instance: 0x00662F5C (32-bit), Flags: Cmdre0, Thread: 0x471C (Main). 

--------------------------------------------------
Стек вызовов:

# 0 0x00488A94 in C:\Users\Максим\Documents\GitHub\onegin\run.exe: output() at C:/Users/Максим/Documents/GitHub/onegin/output.cpp:8:

      6:     for(int i = 0; i < strcounter; i++)
      7:     {
=>    8:         for(int j = 0; strptr[i][j] != '\n'; j++)
      9:         {
     10:             printf("%c", strptr[i][j]);

# 1 0x0042D9B0 in C:\Users\Максим\Documents\GitHub\onegin\run.exe: main() at C:/Users/Максим/Documents/GitHub/onegin/main.cpp:21:

     19:     //qsort(text, 5, sizeof(char*), comparestr(par1, par2, strptr, strcounter));
     20: 
=>   21:     output(strptr, strcounter);
     22: 
     23:     //printf("First letter adress: %p\n", &strptr[0]);

--------------------------------------------------
Developed with:

The Dumb Artist Library (TX Library)
TXLib [Ver: 00173a, Rev: 174, Date: 2025-08-17 06:00:49 +0400]
Copyright (C) Ded (Ilya Dedinsky, http://txlib.ru) <mail@txlib.ru>
See license on: http://txlib.ru

TXLib file:	C:\Users\Максим\Downloads\TX\TXLib.h
Compiled:	Sep 19 2025 13:14:56, GNU g++ 4.8.1, std=201103L, MinGW Runtime 3.20, 32-bit, DEBUG
Started:	Sep 19 2025 13:15:04

Run file:	C:\Users\Максим\Documents\GitHub\onegin\run.exe
Directory:	C:\Users\Максим\Documents\GitHub\onegin

--------------------------------------------------

--------------------------------------------------
TXLib соболезнует...

Программа: C:\Users\Максим\Documents\GitHub\onegin\run.exe,

ВНЕЗАПНО: signal (11, 0x00): SIGSEGV: Доступ по неверному указателю. Ставьте ассерты! 

Нарушение доступа к памяти.

#1: Исключение EXCEPTION_ACCESS_VIOLATION (0xC0000005) при выполнении кода по адресу 0x00488A94 в функции output() в файле C:/Users/Максим/Documents/GitHub/onegin/output.cpp на строке 8. Попытка прочесть данные по адресу 0x030FF000 в модуле C:\Users\Максим\Documents\GitHub\onegin\run.exe. Спасибо _txVectoredExceptionHandler(), что сообщил. Люблю его <3

С помощью функции signal() вы можете сами обработать эту ошибку.

#2: TXLib [Ver: 00173a, Rev: 174, Date: 2025-08-17 06:00:49 +0400], Instance: 0x00662F5C (32-bit), Flags: Cmdre0, Thread: 0x471C (Main). 

--------------------------------------------------
Стек вызовов:

# 0 0x00488A94 in C:\Users\Максим\Documents\GitHub\onegin\run.exe: output() at C:/Users/Максим/Documents/GitHub/onegin/output.cpp:8:

      6:     for(int i = 0; i < strcounter; i++)
      7:     {
=>    8:         for(int j = 0; strptr[i][j] != '\n'; j++)
      9:         {
     10:             printf("%c", strptr[i][j]);

# 1 0x0042D9B0 in C:\Users\Максим\Documents\GitHub\onegin\run.exe: main() at C:/Users/Максим/Documents/GitHub/onegin/main.cpp:21:

     19:     //qsort(text, 5, sizeof(char*), comparestr(par1, par2, strptr, strcounter));
     20: 
=>   21:     output(strptr, strcounter);
     22: 
     23:     //printf("First letter adress: %p\n", &strptr[0]);

--------------------------------------------------
Developed with:

The Dumb Artist Library (TX Library)
TXLib [Ver: 00173a, Rev: 174, Date: 2025-08-17 06:00:49 +0400]
Copyright (C) Ded (Ilya Dedinsky, http://txlib.ru) <mail@txlib.ru>
See license on: http://txlib.ru

TXLib file:	C:\Users\Максим\Downloads\TX\TXLib.h
Compiled:	Sep 19 2025 13:14:56, GNU g++ 4.8.1, std=201103L, MinGW Runtime 3.20, 32-bit, DEBUG
Started:	Sep 19 2025 13:15:04

Run file:	C:\Users\Максим\Documents\GitHub\onegin\run.exe
Directory:	C:\Users\Максим\Documents\GitHub\onegin

--------------------------------------------------
